*** Aborted at 1675177029 (Unix time, try 'date -d @1675177029') ***
*** Signal 6 (SIGABRT) (0x23) received by PID 35 (pthread TID 0x7f3be6a9a080) (linux TID 35) (maybe from PID 35, UID 0) (code: -6), stack trace: ***
/root/nebula/nebula/build/bin/nebula-metad(_ZN5folly10symbolizer17getStackTraceSafeEPmm+0x31)[0x2587591]
/root/nebula/nebula/build/bin/nebula-metad(_ZN5folly10symbolizer21SafeStackTracePrinter15printStackTraceEb+0x26)[0x257ea96]
/root/nebula/nebula/build/bin/nebula-metad[0x257ca27]
/lib/x86_64-linux-gnu/libpthread.so.0(+0x1441f)[0x7f3be6ca441f]
/lib/x86_64-linux-gnu/libc.so.6(gsignal+0xcb)[0x7f3be6ae100b]
/lib/x86_64-linux-gnu/libc.so.6(abort+0x12a)[0x7f3be6ac0858]
/root/nebula/nebula/build/bin/nebula-metad[0x10fe7be]
/root/nebula/nebula/build/bin/nebula-metad[0x25aff74]
/root/nebula/nebula/build/bin/nebula-metad(_ZN6nebula7kvstore11NebulaStore4stopEv+0xb2)[0x1b7e552]
/root/nebula/nebula/build/bin/nebula-metad(_ZN6nebula7kvstore11NebulaStoreD1Ev+0x29)[0x1b87f69]
/root/nebula/nebula/build/bin/nebula-metad(_ZN6nebula7kvstore11NebulaStoreD0Ev+0x8)[0x1b88ad8]
/lib/x86_64-linux-gnu/libc.so.6(+0x468a6)[0x7f3be6ae48a6]
/lib/x86_64-linux-gnu/libc.so.6(exit+0x1f)[0x7f3be6ae4a5f]
/lib/x86_64-linux-gnu/libc.so.6(__libc_start_main+0xf9)[0x7f3be6ac2089]
/root/nebula/nebula/build/bin/nebula-metad(_start+0x2d)[0x114864d]
/root/nebula/nebula/build/bin/nebula-metad(_ZN5folly10symbolizer17getStackTraceSafeEPmm+0x31)[0x2587591]
/root/nebula/nebula/build/bin/nebula-metad(_ZN5folly10symbolizer21SafeStackTracePrinter15printStackTraceEb+0x26)[0x257ea96]
/root/nebula/nebula/build/bin/nebula-metad[0x257d50c]
/lib/x86_64-linux-gnu/libpthread.so.0(+0x1441f)[0x7f3be6ca441f]
/lib/x86_64-linux-gnu/libc.so.6(gsignal+0xcb)[0x7f3be6ae100b]
/lib/x86_64-linux-gnu/libc.so.6(abort+0x12a)[0x7f3be6ac0858]
/root/nebula/nebula/build/bin/nebula-metad[0x10ff2fc]
/root/nebula/nebula/build/bin/nebula-metad[0x2579596]
/lib/x86_64-linux-gnu/libpthread.so.0(+0x114de)[0x7f3be6ca14de]
/root/nebula/nebula/build/bin/nebula-metad(_ZN5folly27tryGetCurrentAsyncStackRootEv+0x63)[0x2579663]
/root/nebula/nebula/build/bin/nebula-metad(_ZN5folly10symbolizer22getAsyncStackTraceSafeEPmm+0x14)[0x2587814]
/root/nebula/nebula/build/bin/nebula-metad(_ZN5folly10symbolizer21SafeStackTracePrinter15printStackTraceEb+0x88)[0x257eaf8]
/root/nebula/nebula/build/bin/nebula-metad[0x257ca27]
/lib/x86_64-linux-gnu/libpthread.so.0(+0x1441f)[0x7f3be6ca441f]
/lib/x86_64-linux-gnu/libc.so.6(gsignal+0xcb)[0x7f3be6ae100b]
/lib/x86_64-linux-gnu/libc.so.6(abort+0x12a)[0x7f3be6ac0858]
/root/nebula/nebula/build/bin/nebula-metad[0x10fe7be]
/root/nebula/nebula/build/bin/nebula-metad[0x25aff74]
/root/nebula/nebula/build/bin/nebula-metad(_ZN6nebula7kvstore11NebulaStore4stopEv+0xb2)[0x1b7e552]
/root/nebula/nebula/build/bin/nebula-metad(_ZN6nebula7kvstore11NebulaStoreD1Ev+0x29)[0x1b87f69]
/root/nebula/nebula/build/bin/nebula-metad(_ZN6nebula7kvstore11NebulaStoreD0Ev+0x8)[0x1b88ad8]
/lib/x86_64-linux-gnu/libc.so.6(+0x468a6)[0x7f3be6ae48a6]
/lib/x86_64-linux-gnu/libc.so.6(exit+0x1f)[0x7f3be6ae4a5f]
/lib/x86_64-linux-gnu/libc.so.6(__libc_start_main+0xf9)[0x7f3be6ac2089]
/root/nebula/nebula/build/bin/nebula-metad(_start+0x2d)[0x114864d]
(safe mode, symbolizer not available)
Entered fatal signal handler recursively. We're in trouble.
(safe mode, symbolizer not available)
*** Aborted at 1675177538 (Unix time, try 'date -d @1675177538') ***
*** Signal 6 (SIGABRT) (0x24) received by PID 36 (pthread TID 0x7f2084f97080) (linux TID 36) (maybe from PID 36, UID 0) (code: -6), stack trace: ***
/root/nebula/build/bin/nebula-metad(_ZN5folly10symbolizer17getStackTraceSafeEPmm+0x31)[0x2587591]
/root/nebula/build/bin/nebula-metad(_ZN5folly10symbolizer21SafeStackTracePrinter15printStackTraceEb+0x26)[0x257ea96]
/root/nebula/build/bin/nebula-metad[0x257ca27]
/lib/x86_64-linux-gnu/libpthread.so.0(+0x1441f)[0x7f20851a141f]
/lib/x86_64-linux-gnu/libc.so.6(gsignal+0xcb)[0x7f2084fde00b]
/lib/x86_64-linux-gnu/libc.so.6(abort+0x12a)[0x7f2084fbd858]
/root/nebula/build/bin/nebula-metad[0x10fe7be]
/root/nebula/build/bin/nebula-metad[0x25aff74]
/root/nebula/build/bin/nebula-metad(_ZN6nebula7kvstore11NebulaStore4stopEv+0xb2)[0x1b7e552]
/root/nebula/build/bin/nebula-metad(_ZN6nebula7kvstore11NebulaStoreD1Ev+0x29)[0x1b87f69]
/root/nebula/build/bin/nebula-metad(_ZN6nebula7kvstore11NebulaStoreD0Ev+0x8)[0x1b88ad8]
/lib/x86_64-linux-gnu/libc.so.6(+0x468a6)[0x7f2084fe18a6]
/lib/x86_64-linux-gnu/libc.so.6(exit+0x1f)[0x7f2084fe1a5f]
/lib/x86_64-linux-gnu/libc.so.6(__libc_start_main+0xf9)[0x7f2084fbf089]
/root/nebula/build/bin/nebula-metad(_start+0x2d)[0x114864d]
/root/nebula/build/bin/nebula-metad(_ZN5folly10symbolizer17getStackTraceSafeEPmm+0x31)[0x2587591]
/root/nebula/build/bin/nebula-metad(_ZN5folly10symbolizer21SafeStackTracePrinter15printStackTraceEb+0x26)[0x257ea96]
/root/nebula/build/bin/nebula-metad[0x257d50c]
/lib/x86_64-linux-gnu/libpthread.so.0(+0x1441f)[0x7f20851a141f]
/lib/x86_64-linux-gnu/libc.so.6(gsignal+0xcb)[0x7f2084fde00b]
/lib/x86_64-linux-gnu/libc.so.6(abort+0x12a)[0x7f2084fbd858]
/root/nebula/build/bin/nebula-metad[0x10ff2fc]
/root/nebula/build/bin/nebula-metad[0x2579596]
/lib/x86_64-linux-gnu/libpthread.so.0(+0x114de)[0x7f208519e4de]
/root/nebula/build/bin/nebula-metad(_ZN5folly27tryGetCurrentAsyncStackRootEv+0x63)[0x2579663]
/root/nebula/build/bin/nebula-metad(_ZN5folly10symbolizer22getAsyncStackTraceSafeEPmm+0x14)[0x2587814]
/root/nebula/build/bin/nebula-metad(_ZN5folly10symbolizer21SafeStackTracePrinter15printStackTraceEb+0x88)[0x257eaf8]
/root/nebula/build/bin/nebula-metad[0x257ca27]
/lib/x86_64-linux-gnu/libpthread.so.0(+0x1441f)[0x7f20851a141f]
/lib/x86_64-linux-gnu/libc.so.6(gsignal+0xcb)[0x7f2084fde00b]
/lib/x86_64-linux-gnu/libc.so.6(abort+0x12a)[0x7f2084fbd858]
/root/nebula/build/bin/nebula-metad[0x10fe7be]
/root/nebula/build/bin/nebula-metad[0x25aff74]
/root/nebula/build/bin/nebula-metad(_ZN6nebula7kvstore11NebulaStore4stopEv+0xb2)[0x1b7e552]
/root/nebula/build/bin/nebula-metad(_ZN6nebula7kvstore11NebulaStoreD1Ev+0x29)[0x1b87f69]
/root/nebula/build/bin/nebula-metad(_ZN6nebula7kvstore11NebulaStoreD0Ev+0x8)[0x1b88ad8]
/lib/x86_64-linux-gnu/libc.so.6(+0x468a6)[0x7f2084fe18a6]
/lib/x86_64-linux-gnu/libc.so.6(exit+0x1f)[0x7f2084fe1a5f]
/lib/x86_64-linux-gnu/libc.so.6(__libc_start_main+0xf9)[0x7f2084fbf089]
/root/nebula/build/bin/nebula-metad(_start+0x2d)[0x114864d]
(safe mode, symbolizer not available)
Entered fatal signal handler recursively. We're in trouble.
(safe mode, symbolizer not available)
